Сборка начата 11.12.2023 23:59:03.
Уровень детализации журнала: Normal.     1>Проект "D:\БГТУ\GDD\GDD\LIB\LIB.vcxproj" в узле 2 (целевые объекты Build).
     1>PrepareForBuild:
         Создание каталога "x64\Debug\LIB.tlog\".
       InitializeBuildStatus:
         Создание "x64\Debug\LIB.tlog\unsuccessfulbuild", так как было задано "AlwaysCreate".
       ClCompile:
         C:\Program Files\Microsoft Visual Studio\2022\Community\VC\Tools\MSVC\14.33.31629\bin\HostX64\x64\CL.exe /c /ZI /JMC /nologo /W3 /WX- /diagnostics:column /sdl /Od /D _DEBUG /D _CONSOLE /D _UNICODE /D UNICODE /Gm- /EHsc /RTC1 /MDd /GS /fp:precise /Zc:wchar_t /Zc:forScope /Zc:inline /permissive- /Fo"x64\Debug\\" /Fd"x64\Debug\vc143.pdb" /external:W3 /Gd /TP /FC /errorReport:prompt Lib.cpp
         Lib.cpp
     1>D:\БГТУ\GDD\GDD\LIB\Lib.cpp(6,13): warning C4244: return: преобразование "double" в "int", возможна потеря данных
     1>D:\БГТУ\GDD\GDD\LIB\Lib.cpp(11,21): warning C4267: return: преобразование из "size_t" в "int"; возможна потеря данных
       Link:
         C:\Program Files\Microsoft Visual Studio\2022\Community\VC\Tools\MSVC\14.33.31629\bin\HostX64\x64\link.exe /ERRORREPORT:PROMPT /OUT:"D:\БГТУ\GDD\GDD\x64\Debug\LIB.exe" /INCREMENTAL /ILK:"x64\Debug\LIB.ilk" /NOLOGO kernel32.lib user32.lib gdi32.lib winspool.lib comdlg32.lib advapi32.lib shell32.lib ole32.lib oleaut32.lib uuid.lib odbc32.lib odbccp32.lib /MANIFEST /MANIFESTUAC:"level='asInvoker' uiAccess='false'" /manifest:embed /DEBUG /PDB:"D:\БГТУ\GDD\GDD\x64\Debug\LIB.pdb" /SUBSYSTEM:CONSOLE /TLBID:1 /DYNAMICBASE /NXCOMPAT /IMPLIB:"D:\БГТУ\GDD\GDD\x64\Debug\LIB.lib" /MACHINE:X64 x64\Debug\Lib.obj
     1>MSVCRTD.lib(exe_main.obj) : error LNK2019: ссылка на неразрешенный внешний символ main в функции "int __cdecl invoke_main(void)" (?invoke_main@@YAHXZ).
     1>D:\БГТУ\GDD\GDD\x64\Debug\LIB.exe : fatal error LNK1120: неразрешенных внешних элементов: 1
     1>Сборка проекта "D:\БГТУ\GDD\GDD\LIB\LIB.vcxproj" завершена (целевые объекты Build) с ошибкой.

Ошибка сборки.

       "D:\БГТУ\GDD\GDD\LIB\LIB.vcxproj" (целевой объект Build ) (1) ->
       (Целевой объект ClCompile) -> 
         D:\БГТУ\GDD\GDD\LIB\Lib.cpp(6,13): warning C4244: return: преобразование "double" в "int", возможна потеря данных
         D:\БГТУ\GDD\GDD\LIB\Lib.cpp(11,21): warning C4267: return: преобразование из "size_t" в "int"; возможна потеря данных


       "D:\БГТУ\GDD\GDD\LIB\LIB.vcxproj" (целевой объект Build ) (1) ->
       (Целевой объект Link) -> 
         MSVCRTD.lib(exe_main.obj) : error LNK2019: ссылка на неразрешенный внешний символ main в функции "int __cdecl invoke_main(void)" (?invoke_main@@YAHXZ).
         D:\БГТУ\GDD\GDD\x64\Debug\LIB.exe : fatal error LNK1120: неразрешенных внешних элементов: 1

    Предупреждений: 2
    Ошибок: 2

Прошло времени 00:00:00.83
