d:\бгту\gdd\gdd\gdd\debug\vc143.pdb
d:\бгту\gdd\gdd\gdd\debug\vc143.idb
d:\бгту\gdd\gdd\gdd\debug\semanalysis.obj
d:\бгту\gdd\gdd\gdd\debug\polish.obj
d:\бгту\gdd\gdd\gdd\debug\parm.obj
d:\бгту\gdd\gdd\gdd\debug\mfst.obj
d:\бгту\gdd\gdd\gdd\debug\lt.obj
d:\бгту\gdd\gdd\gdd\debug\log.obj
d:\бгту\gdd\gdd\gdd\debug\lexanalysis.obj
d:\бгту\gdd\gdd\gdd\debug\it.obj
d:\бгту\gdd\gdd\gdd\debug\in.obj
d:\бгту\gdd\gdd\gdd\debug\greibach.obj
d:\бгту\gdd\gdd\gdd\debug\generation.obj
d:\бгту\gdd\gdd\gdd\debug\gdd2023.obj
d:\бгту\gdd\gdd\gdd\debug\fst.obj
d:\бгту\gdd\gdd\gdd\debug\error.obj
d:\бгту\gdd\gdd\gdd\debug\gdd.ilk
d:\бгту\gdd\gdd\debug\gdd.exe
d:\бгту\gdd\gdd\debug\gdd.pdb
d:\бгту\gdd\gdd\gdd\debug\gdd.tlog\cl.command.1.tlog
d:\бгту\gdd\gdd\gdd\debug\gdd.tlog\cl.read.1.tlog
d:\бгту\gdd\gdd\gdd\debug\gdd.tlog\cl.write.1.tlog
d:\бгту\gdd\gdd\gdd\debug\gdd.tlog\link.command.1.tlog
d:\бгту\gdd\gdd\gdd\debug\gdd.tlog\link.read.1.tlog
d:\бгту\gdd\gdd\gdd\debug\gdd.tlog\link.write.1.tlog
